E:\PROJECTS\CPP\PLEASE\DEBUG\PLEASE.EXE
E:\PROJECTS\CPP\PLEASE\DEBUG\PLEASE.ILK
E:\PROJECTS\CPP\PLEASE\DEBUG\PLEASE.PDB
E:\PROJECTS\CPP\PLEASE\PLEASE\DEBUG\CHARTAXIS.OBJ
E:\PROJECTS\CPP\PLEASE\PLEASE\DEBUG\CHARTAXISLABEL.OBJ
E:\PROJECTS\CPP\PLEASE\PLEASE\DEBUG\CHARTBARSERIE.OBJ
E:\PROJECTS\CPP\PLEASE\PLEASE\DEBUG\CHARTCANDLESTICKSERIE.OBJ
E:\PROJECTS\CPP\PLEASE\PLEASE\DEBUG\CHARTCROSSHAIRCURSOR.OBJ
E:\PROJECTS\CPP\PLEASE\PLEASE\DEBUG\CHARTCTRL.OBJ
E:\PROJECTS\CPP\PLEASE\PLEASE\DEBUG\CHARTCURSOR.OBJ
E:\PROJECTS\CPP\PLEASE\PLEASE\DEBUG\CHARTDATETIMEAXIS.OBJ
E:\PROJECTS\CPP\PLEASE\PLEASE\DEBUG\CHARTDRAGLINECURSOR.OBJ
E:\PROJECTS\CPP\PLEASE\PLEASE\DEBUG\CHARTFONT.OBJ
E:\PROJECTS\CPP\PLEASE\PLEASE\DEBUG\CHARTGANTTSERIE.OBJ
E:\PROJECTS\CPP\PLEASE\PLEASE\DEBUG\CHARTGRADIENT.OBJ
E:\PROJECTS\CPP\PLEASE\PLEASE\DEBUG\CHARTGRID.OBJ
E:\PROJECTS\CPP\PLEASE\PLEASE\DEBUG\CHARTLEGEND.OBJ
E:\PROJECTS\CPP\PLEASE\PLEASE\DEBUG\CHARTLINESERIE.OBJ
E:\PROJECTS\CPP\PLEASE\PLEASE\DEBUG\CHARTLOGARITHMICAXIS.OBJ
E:\PROJECTS\CPP\PLEASE\PLEASE\DEBUG\CHARTPOINTSSERIE.OBJ
E:\PROJECTS\CPP\PLEASE\PLEASE\DEBUG\CHARTSCROLLBAR.OBJ
E:\PROJECTS\CPP\PLEASE\PLEASE\DEBUG\CHARTSERIE.OBJ
E:\PROJECTS\CPP\PLEASE\PLEASE\DEBUG\CHARTSTANDARDAXIS.OBJ
E:\PROJECTS\CPP\PLEASE\PLEASE\DEBUG\CHARTSURFACESERIE.OBJ
E:\PROJECTS\CPP\PLEASE\PLEASE\DEBUG\CHARTTITLE.OBJ
E:\PROJECTS\CPP\PLEASE\PLEASE\DEBUG\CHARTXYSERIE.OBJ
E:\projects\CPP\Please\Please\Debug\cl.command.1.tlog
E:\projects\CPP\Please\Please\Debug\CL.read.1.tlog
E:\projects\CPP\Please\Please\Debug\CL.write.1.tlog
E:\projects\CPP\Please\Please\Debug\link.1724.read.1.tlog
E:\projects\CPP\Please\Please\Debug\link.1724.write.1.tlog
E:\projects\CPP\Please\Please\Debug\link.1724-cvtres.read.1.tlog
E:\projects\CPP\Please\Please\Debug\link.1724-cvtres.write.1.tlog
E:\projects\CPP\Please\Please\Debug\link.command.1.tlog
E:\projects\CPP\Please\Please\Debug\link.read.1.tlog
E:\projects\CPP\Please\Please\Debug\link.write.1.tlog
E:\projects\CPP\Please\Please\Debug\link-cvtres.read.1.tlog
E:\projects\CPP\Please\Please\Debug\link-cvtres.write.1.tlog
E:\projects\CPP\Please\Please\Debug\mt.command.1.tlog
E:\projects\CPP\Please\Please\Debug\mt.read.1.tlog
E:\projects\CPP\Please\Please\Debug\mt.write.1.tlog
E:\PROJECTS\CPP\PLEASE\PLEASE\DEBUG\PLEASE.EXE.EMBED.MANIFEST
E:\PROJECTS\CPP\PLEASE\PLEASE\DEBUG\PLEASE.EXE.EMBED.MANIFEST.RES
E:\PROJECTS\CPP\PLEASE\PLEASE\DEBUG\PLEASE.EXE.INTERMEDIATE.MANIFEST
E:\PROJECTS\CPP\PLEASE\PLEASE\DEBUG\PLEASE.OBJ
E:\PROJECTS\CPP\PLEASE\PLEASE\DEBUG\PLEASE.PCH
E:\PROJECTS\CPP\PLEASE\PLEASE\DEBUG\PLEASE.RES
E:\projects\CPP\Please\Please\Debug\Please.vcxprojResolveAssemblyReference.cache
E:\projects\CPP\Please\Please\Debug\Please.write.1.tlog
E:\projects\CPP\Please\Please\Debug\Please_manifest.rc
E:\PROJECTS\CPP\PLEASE\PLEASE\DEBUG\PLEASEDLG.OBJ
E:\projects\CPP\Please\Please\Debug\rc.command.1.tlog
E:\projects\CPP\Please\Please\Debug\rc.read.1.tlog
E:\projects\CPP\Please\Please\Debug\rc.write.1.tlog
E:\PROJECTS\CPP\PLEASE\PLEASE\DEBUG\STDAFX.OBJ
E:\projects\CPP\Please\Please\Debug\vc100.idb
E:\PROJECTS\CPP\PLEASE\PLEASE\DEBUG\VC100.PDB
